<?xml version="1.0" encoding="UTF-8"?>
<testng-results skipped="0" failed="0" ignored="0" total="1" passed="1">
  <reporter-output>
  </reporter-output>
  <suite name="Suite" duration-ms="44454" started-at="2018-02-05T03:47:16Z" finished-at="2018-02-05T03:48:01Z">
    <groups>
    </groups>
    <test name="Test" duration-ms="44454" started-at="2018-02-05T03:47:16Z" finished-at="2018-02-05T03:48:01Z">
      <class name="com.scenarioes.HealthCheck">
        <test-method status="PASS" signature="before()[pri:0, instance:com.scenarioes.HealthCheck@3f3afe78]" name="before" is-config="true" duration-ms="34584" started-at="2018-02-04T21:47:16Z" finished-at="2018-02-04T21:47:51Z">
          <reporter-output>
          </reporter-output>
        </test-method> <!-- before -->
        <test-method status="PASS" signature="LoginTest()[pri:0, instance:com.scenarioes.HealthCheck@3f3afe78]" name="LoginTest" duration-ms="7448" started-at="2018-02-04T21:47:51Z" finished-at="2018-02-04T21:47:58Z">
          <reporter-output>
          </reporter-output>
        </test-method> <!-- LoginTest -->
        <test-method status="PASS" signature="tearDown()[pri:0, instance:com.scenarioes.HealthCheck@3f3afe78]" name="tearDown" is-config="true" duration-ms="2353" started-at="2018-02-04T21:47:58Z" finished-at="2018-02-04T21:48:01Z">
          <reporter-output>
          </reporter-output>
        </test-method> <!-- tearDown -->
      </class> <!-- com.scenarioes.HealthCheck -->
    </test> <!-- Test -->
  </suite> <!-- Suite -->
</testng-results>
