<?xml version="1.0" encoding="UTF-8"?>
<testng-results skipped="0" failed="0" ignored="0" total="1" passed="1">
  <reporter-output>
  </reporter-output>
  <suite name="Default suite" duration-ms="39369" started-at="2018-02-05T00:22:11Z" finished-at="2018-02-05T00:22:50Z">
    <groups>
    </groups>
    <test name="Default test" duration-ms="39369" started-at="2018-02-05T00:22:11Z" finished-at="2018-02-05T00:22:50Z">
      <class name="com.scenarioes.HealthCheck">
        <test-method status="PASS" signature="before()[pri:0, instance:com.scenarioes.HealthCheck@2a5ca609]" name="before" is-config="true" duration-ms="29119" started-at="2018-02-04T18:22:11Z" finished-at="2018-02-04T18:22:40Z">
          <reporter-output>
          </reporter-output>
        </test-method> <!-- before -->
        <test-method status="PASS" signature="LoginTest()[pri:0, instance:com.scenarioes.HealthCheck@2a5ca609]" name="LoginTest" duration-ms="6798" started-at="2018-02-04T18:22:40Z" finished-at="2018-02-04T18:22:47Z">
          <reporter-output>
          </reporter-output>
        </test-method> <!-- LoginTest -->
        <test-method status="PASS" signature="tearDown()[pri:0, instance:com.scenarioes.HealthCheck@2a5ca609]" name="tearDown" is-config="true" duration-ms="3382" started-at="2018-02-04T18:22:47Z" finished-at="2018-02-04T18:22:50Z">
          <reporter-output>
          </reporter-output>
        </test-method> <!-- tearDown -->
      </class> <!-- com.scenarioes.HealthCheck -->
    </test> <!-- Default test -->
  </suite> <!-- Default suite -->
</testng-results>
